<?xml version="1.0" encoding="UTF-8"?>
<!-- Generated by org.testng.reporters.JUnitReportReporter -->
<testsuite hostname="ShrutiLaptop" name="TestCases.SecondTest" tests="1" failures="0" timestamp="30 Mar 2018 18:06:05 GMT" time="5.605" errors="0">
  <testcase name="testSecond" time="5.605" classname="TestCases.SecondTest"/>
</testsuite> <!-- TestCases.SecondTest -->
